<?xml version="1.0" encoding="UTF-8"?>
<!-- Generated by org.testng.reporters.JUnitXMLReporter -->
<testsuite ignored="0" hostname="EPINHYDW07BF" failures="3" tests="3" name="Command line test" time="0.067" errors="0" timestamp="2021-06-03T14:18:54 IST">
  <testcase classname="com.testing.samplecases.TestClass1" name="method1" time="0.007">
    <failure type="java.lang.ArithmeticException" message="/ by zero">
      <![CDATA[java.lang.ArithmeticException: / by zero
at com.testing.samplecases.TestClass1.method1(TestClass1.java:12)
at java.base/java.util.ArrayList.forEach(ArrayList.java:1541)
... Removed 36 stack frames]]>
    </failure>
  </testcase> <!-- method1 -->
  <testcase classname="com.testing.samplecases.TestClass1" name="method2" time="0.0">
    <failure type="java.lang.ArithmeticException" message="/ by zero">
      <![CDATA[java.lang.ArithmeticException: / by zero
at com.testing.samplecases.TestClass1.method2(TestClass1.java:18)
at java.base/java.util.ArrayList.forEach(ArrayList.java:1541)
... Removed 36 stack frames]]>
    </failure>
  </testcase> <!-- method2 -->
  <testcase classname="com.testing.samplecases.TestClass1" name="method3" time="0.001">
    <failure type="java.lang.ArithmeticException" message="/ by zero">
      <![CDATA[java.lang.ArithmeticException: / by zero
at com.testing.samplecases.TestClass1.method3(TestClass1.java:24)
at java.base/java.util.ArrayList.forEach(ArrayList.java:1541)
... Removed 36 stack frames]]>
    </failure>
  </testcase> <!-- method3 -->
</testsuite> <!-- Command line test -->
