<?xml version="1.0" encoding="UTF-8" ?>
<testsuite tests="3" failures="3" name="com.testing.samplecases.TestClass1" time="0.011" errors="0" skipped="0">
  <properties>
[...]
</properties>
  <testcase classname="com.testing.samplecases.TestClass1" name="method1" time="0.01">
    <failure message="/ by zero" type="java.lang.ArithmeticException">java.lang.ArithmeticException: / by zero
	at com.testing.samplecases.TestClass1.method1(TestClass1.java:12)
</failure>
    <system-out>Configuring TestNG with: org.apache.maven.surefire.testng.conf.TestNG652Configurator@53941c2f
Welcome to test case 1
</system-out>
  </testcase>
  <testcase classname="com.testing.samplecases.TestClass1" name="method2" time="0">
    <failure message="/ by zero" type="java.lang.ArithmeticException">java.lang.ArithmeticException: / by zero
	at com.testing.samplecases.TestClass1.method2(TestClass1.java:18)
</failure>
    <system-out>Welcome to test case 2
</system-out>
  </testcase>
  <testcase classname="com.testing.samplecases.TestClass1" name="method3" time="0.001">
    <failure message="/ by zero" type="java.lang.ArithmeticException">java.lang.ArithmeticException: / by zero
	at com.testing.samplecases.TestClass1.method3(TestClass1.java:24)
</failure>
    <system-out>Welcome to test case 3
</system-out>
  </testcase>
</testsuite>